"Task Aware Debugger for GDB" version 11.6.1 (202207200623)
(c) 2016-2022 NXP Semiconductors, Inc.
==================================
07:24:05.525 INFO: [ZephyrRTOS] D:\Npx\Labs_Diplomado_IoT\K32L2B31A_Lab_Diplomado_IoT\K32L2B31A_Lab_Diplomado_IoT\Debug\.config file could not be read
07:24:05.526 INFO: [TadModel] DSF session ID 1 has started.
07:24:13.293 INFO: [TadState] TAD state changed: DEBUG_STARTED -> DEBUG_INIT_0 (RESUMED, USER_REQUEST)
07:24:13.320 INFO: [TadState] TAD state changed: DEBUG_INIT_0 -> DEBUG_INIT_1 (SUSPENDED, SIGNAL)
07:24:14.11 INFO: [TadState] TAD state changed: DEBUG_INIT_1 -> DEBUG_SUSPENDED (RESUMED, USER_REQUEST)
07:24:14.84 INFO: [TadState] TAD state changed: DEBUG_SUSPENDED -> DEBUG_SUSPENDED (SUSPENDED, BREAKPOINT)
07:24:27.316 INFO: [TadState] TAD state changed: DEBUG_SUSPENDED -> DEBUG_RESUMED (RESUMED, USER_REQUEST)
07:24:41.272 INFO: [TadState] TAD state changed: DEBUG_RESUMED -> READY (SUSPENDED, SIGNAL)
07:24:42.892 INFO: [TadState] TAD state changed: READY -> DEBUG_RESUMED (RESUMED, USER_REQUEST)
07:24:42.966 INFO: [TadState] TAD state changed: DEBUG_RESUMED -> READY (SUSPENDED, BREAKPOINT)
07:24:44.439 INFO: [TadState] TAD state changed: READY -> DEBUG_RESUMED (RESUMED, USER_REQUEST)
07:24:49.887 INFO: [TadState] TAD state changed: DEBUG_RESUMED -> READY (SUSPENDED, SIGNAL)
07:24:50.932 INFO: [TadState] TAD state changed: READY -> DEBUG_RESUMED (RESUMED, USER_REQUEST)
07:24:51.06 INFO: [TadState] TAD state changed: DEBUG_RESUMED -> READY (SUSPENDED, BREAKPOINT)
07:24:52.353 INFO: [TadState] TAD state changed: READY -> DEBUG_RESUMED (RESUMED, USER_REQUEST)
07:25:15.780 INFO: [ZephyrRTOS] D:\Npx\Labs_Diplomado_IoT\K32L2B31A_Lab_Diplomado_IoT\K32L2B31A_Lab_Diplomado_IoT\Debug\.config file could not be read
07:25:15.780 INFO: [TadModel] DSF session ID 2 has started.
07:25:28.894 INFO: [ZephyrRTOS] D:\Npx\Labs_Diplomado_IoT\K32L2B31A_Lab_Diplomado_IoT\K32L2B31A_Lab_Diplomado_IoT\Debug\.config file could not be read
07:25:28.894 INFO: [TadModel] DSF session ID 3 has started.
07:25:47.114 INFO: [TadState] TAD state changed: DEBUG_STARTED -> DEBUG_INIT_0 (SUSPENDED, SIGNAL)
07:25:48.380 INFO: [TadModel] DSF session ID 1 has ended.
